<?xml version="1.0" encoding="UTF-8"?>
<!-- Generated by org.testng.reporters.JUnitXMLReporter -->
<testsuite ignored="0" hostname="KARTIK-SHARMA" failures="0" tests="7" name="Test" time="5.528" errors="0" timestamp="2024-12-13T16:35:01 IST">
  <testcase classname="Assignments.TestNG_with_xmlFile" name="openUrl" time="2.792"/>
  <testcase classname="Assignments.TestNG_with_xmlFile" name="radio" time="0.203"/>
  <testcase classname="Assignments.TestNG_with_xmlFile" name="checkbox" time="0.112"/>
  <testcase classname="Assignments.TestNG_with_xmlFile" name="textCountry" time="0.062"/>
  <testcase classname="Assignments.TestNg_radio_checkbox" name="openUrl" time="2.022"/>
  <testcase classname="Assignments.TestNg_radio_checkbox" name="radio" time="0.196"/>
  <testcase classname="Assignments.TestNg_radio_checkbox" name="checkbox" time="0.098"/>
</testsuite> <!-- Test -->
