<?xml version="1.0" encoding="UTF-8"?>
<!-- Generated by org.testng.reporters.JUnitXMLReporter -->
<testsuite ignored="3" hostname="KARTIK-SHARMA" failures="0" tests="5" name="Test1" time="0.064" errors="0" timestamp="2024-12-11T23:54:25 IST">
  <testcase classname="Test_NG.Annotations" name="openApp" time="0.012"/>
  <testcase classname="Test_NG.Annotations" name="verifyLogo" time="0.002"/>
  <testcase classname="Test_NG.Annotations" name="Logout" time="0.001"/>
  <testcase classname="Test_NG.Suitstest" name="Logout" time="0.001"/>
  <testcase classname="Test_NG.Suitstest" name="browserweb" time="0.001"/>
  <testcase classname="Test_NG.Suitstest" name="login" time="0.0">
    <ignored/>
  </testcase> <!-- login -->
  <testcase classname="Test_NG.Annotations" name="login" time="0.0">
    <ignored/>
  </testcase> <!-- login -->
  <testcase classname="Test_NG.Suitstest" name="validatefunc" time="0.0">
    <ignored/>
  </testcase> <!-- validatefunc -->
</testsuite> <!-- Test1 -->
